INFO:werkzeug:[31m[1mWARNING: This is a development server. Do not use it in a production deployment. Use a production WSGI server instead.[0m
 * Running on http://127.0.0.1:5000
INFO:werkzeug:[33mPress CTRL+C to quit[0m
INFO:werkzeug:[31m[1mWARNING: This is a development server. Do not use it in a production deployment. Use a production WSGI server instead.[0m
 * Running on http://127.0.0.1:5000
INFO:werkzeug:[33mPress CTRL+C to quit[0m
INFO:werkzeug: * Restarting with watchdog (windowsapi)
INFO:werkzeug: * Restarting with watchdog (windowsapi)
WARNING:werkzeug: * Debugger is active!
WARNING:werkzeug: * Debugger is active!
INFO:werkzeug: * Debugger PIN: 910-393-052
INFO:werkzeug: * Debugger PIN: 910-393-052
INFO:werkzeug: * Detected change in 'C:\\Users\\ibrah\\anaconda3\\Lib\\site-packages\\IPython\\display.py', reloading
INFO:werkzeug: * Detected change in 'C:\\Users\\ibrah\\anaconda3\\Lib\\site-packages\\IPython\\display.py', reloading
INFO:werkzeug: * Detected change in 'C:\\Users\\ibrah\\anaconda3\\Lib\\site-packages\\IPython\\core\\display_functions.py', reloading
INFO:werkzeug: * Detected change in 'C:\\Users\\ibrah\\anaconda3\\Lib\\site-packages\\IPython\\core\\display_functions.py', reloading
INFO:werkzeug: * Detected change in 'C:\\Users\\ibrah\\anaconda3\\Lib\\site-packages\\IPython\\lib\\display.py', reloading
INFO:werkzeug: * Detected change in 'C:\\Users\\ibrah\\anaconda3\\Lib\\site-packages\\IPython\\lib\\display.py', reloading
INFO:werkzeug: * Restarting with watchdog (windowsapi)
WARNING:werkzeug: * Debugger is active!
INFO:werkzeug: * Debugger PIN: 910-393-052
WARNING:werkzeug: * Debugger is active!
INFO:werkzeug: * Debugger PIN: 910-393-052
